[ 2016-02-24T18:10:35+08:00 ] ::1 /Blog/__APP__/View/Public
INFO: [ app_init ] --START--
INFO: Run Behavior\BuildLiteBehavior [ RunTime:0.000000s ]
INFO: [ app_init ] --END-- [ RunTime:0.000000s ]
ERR: 无法加载模块:__APP__

[ 2016-02-24T18:10:56+08:00 ] ::1 /Blog/APP_NAME/View/Public
INFO: [ app_init ] --START--
INFO: Run Behavior\BuildLiteBehavior [ RunTime:0.000000s ]
INFO: [ app_init ] --END-- [ RunTime:0.000000s ]
ERR: 无法加载模块:APP_NAME

[ 2016-02-24T18:11:02+08:00 ] ::1 /Blog/APP_NAME/View/Public
INFO: [ app_init ] --START--
INFO: Run Behavior\BuildLiteBehavior [ RunTime:0.000000s ]
INFO: [ app_init ] --END-- [ RunTime:0.000000s ]
ERR: 无法加载模块:APP_NAME

[ 2016-02-24T18:12:37+08:00 ] ::1 /Blog/APP_NAME/View/Public
INFO: [ app_init ] --START--
INFO: Run Behavior\BuildLiteBehavior [ RunTime:0.000000s ]
INFO: [ app_init ] --END-- [ RunTime:0.001000s ]
ERR: 无法加载模块:APP_NAME

[ 2016-02-24T18:12:58+08:00 ] ::1 /Blog/APP_NAME/View/Public
INFO: [ app_init ] --START--
INFO: Run Behavior\BuildLiteBehavior [ RunTime:0.000000s ]
INFO: [ app_init ] --END-- [ RunTime:0.001000s ]
ERR: 无法加载模块:APP_NAME

[ 2016-02-24T18:13:10+08:00 ] ::1 /Blog/__APP__/View/Public
INFO: [ app_init ] --START--
INFO: Run Behavior\BuildLiteBehavior [ RunTime:0.000000s ]
INFO: [ app_init ] --END-- [ RunTime:0.000000s ]
ERR: 无法加载模块:__APP__

[ 2016-02-24T18:13:19+08:00 ] ::1 /Blog//Blog/View/Public
INFO: [ app_init ] --START--
INFO: Run Behavior\BuildLiteBehavior [ RunTime:0.001000s ]
INFO: [ app_init ] --END-- [ RunTime:0.001000s ]
ERR: 无法加载模块:Blog

[ 2016-02-24T18:15:52+08:00 ] ::1 /Blog/__APP__/Admin/View/Public/Css/index.css
INFO: [ app_init ] --START--
INFO: Run Behavior\BuildLiteBehavior [ RunTime:0.000000s ]
INFO: [ app_init ] --END-- [ RunTime:0.001000s ]
ERR: 无法加载模块:__APP__

[ 2016-02-24T18:16:00+08:00 ] ::1 /Blog/__APP__/Admin/View/Public/Css/index.css
INFO: [ app_init ] --START--
INFO: Run Behavior\BuildLiteBehavior [ RunTime:0.000000s ]
INFO: [ app_init ] --END-- [ RunTime:0.001000s ]
ERR: 无法加载模块:__APP__

[ 2016-02-24T18:16:28+08:00 ] ::1 /Blog/APP_NAME/Admin/View/Public/Css/index.css
INFO: [ app_init ] --START--
INFO: Run Behavior\BuildLiteBehavior [ RunTime:0.000000s ]
INFO: [ app_init ] --END-- [ RunTime:0.001000s ]
ERR: 无法加载模块:APP_NAME

[ 2016-02-24T18:17:55+08:00 ] ::1 /Blog/ACTION_NAME/Admin/View/Public/Css/index.css
INFO: [ app_init ] --START--
INFO: Run Behavior\BuildLiteBehavior [ RunTime:0.000000s ]
INFO: [ app_init ] --END-- [ RunTime:0.000000s ]
ERR: 无法加载模块:ACTION_NAME

[ 2016-02-24T18:18:31+08:00 ] ::1 /Blog/__MODUEL__/Admin/View/Public/Css/index.css
INFO: [ app_init ] --START--
INFO: Run Behavior\BuildLiteBehavior [ RunTime:0.000000s ]
INFO: [ app_init ] --END-- [ RunTime:0.001000s ]
ERR: 无法加载模块:__MODUEL__

[ 2016-02-24T18:19:21+08:00 ] ::1 /Blog/__MODUEL__/Admin/View/Public/Css/index.css
INFO: [ app_init ] --START--
INFO: Run Behavior\BuildLiteBehavior [ RunTime:0.000000s ]
INFO: [ app_init ] --END-- [ RunTime:0.001000s ]
ERR: 无法加载模块:__MODUEL__

[ 2016-02-24T18:19:34+08:00 ] ::1 /Blog/__MODUEL__/Admin/View/Public/Css/index.css
INFO: [ app_init ] --START--
INFO: Run Behavior\BuildLiteBehavior [ RunTime:0.000000s ]
INFO: [ app_init ] --END-- [ RunTime:0.000000s ]
ERR: 无法加载模块:__MODUEL__

[ 2016-02-24T18:19:42+08:00 ] ::1 /Blog/__MODUEL__/Admin/View/Public/Css/index.css
INFO: [ app_init ] --START--
INFO: Run Behavior\BuildLiteBehavior [ RunTime:0.000000s ]
INFO: [ app_init ] --END-- [ RunTime:0.000000s ]
ERR: 无法加载模块:__MODUEL__

[ 2016-02-24T18:19:53+08:00 ] ::1 /Blog/__MODUEL__/Admin/View/Public/Css/index.css
INFO: [ app_init ] --START--
INFO: Run Behavior\BuildLiteBehavior [ RunTime:0.000000s ]
INFO: [ app_init ] --END-- [ RunTime:0.000000s ]
ERR: 无法加载模块:__MODUEL__

[ 2016-02-24T18:20:00+08:00 ] ::1 /Blog/__MODUEL__/Admin/View/Public/Css/index.css
INFO: [ app_init ] --START--
INFO: Run Behavior\BuildLiteBehavior [ RunTime:0.000000s ]
INFO: [ app_init ] --END-- [ RunTime:0.001000s ]
ERR: 无法加载模块:__MODUEL__

[ 2016-02-24T18:20:24+08:00 ] ::1 /Blog/__MODUEL__/Admin/View/Public/Css/index.css
INFO: [ app_init ] --START--
INFO: Run Behavior\BuildLiteBehavior [ RunTime:0.000000s ]
INFO: [ app_init ] --END-- [ RunTime:0.001000s ]
ERR: 无法加载模块:__MODUEL__

[ 2016-02-24T18:20:36+08:00 ] ::1 /Blog/__MODUEL__/Admin/View/Public/Css/index.css
INFO: [ app_init ] --START--
INFO: Run Behavior\BuildLiteBehavior [ RunTime:0.000000s ]
INFO: [ app_init ] --END-- [ RunTime:0.000000s ]
ERR: 无法加载模块:__MODUEL__

[ 2016-02-24T18:21:52+08:00 ] ::1 /Blog/__MODUEL__/Admin/View/Public/Css/index.css
INFO: [ app_init ] --START--
INFO: Run Behavior\BuildLiteBehavior [ RunTime:0.000000s ]
INFO: [ app_init ] --END-- [ RunTime:0.000000s ]
ERR: 无法加载模块:__MODUEL__

[ 2016-02-24T18:22:27+08:00 ] ::1 /Blog/__MODUEL__/Admin/View/Public/Css/index.css
INFO: [ app_init ] --START--
INFO: Run Behavior\BuildLiteBehavior [ RunTime:0.000000s ]
INFO: [ app_init ] --END-- [ RunTime:0.000000s ]
ERR: 无法加载模块:__MODUEL__

